c:\users\atlas\desktop\vsproj\simplerenderer\simplerenderer\simplerenderer\debug\simplerenderer.pch
c:\users\atlas\desktop\vsproj\simplerenderer\simplerenderer\simplerenderer\debug\vc141.pdb
c:\users\atlas\desktop\vsproj\simplerenderer\simplerenderer\simplerenderer\debug\vc141.idb
c:\users\atlas\desktop\vsproj\simplerenderer\simplerenderer\simplerenderer\debug\stdafx.obj
c:\users\atlas\desktop\vsproj\simplerenderer\simplerenderer\simplerenderer\debug\display.obj
c:\users\atlas\desktop\vsproj\simplerenderer\simplerenderer\simplerenderer\debug\simplerenderer.obj
c:\users\atlas\desktop\vsproj\simplerenderer\simplerenderer\debug\simplerenderer.exe
c:\users\atlas\desktop\vsproj\simplerenderer\simplerenderer\debug\simplerenderer.ilk
c:\users\atlas\desktop\vsproj\simplerenderer\simplerenderer\debug\simplerenderer.pdb
c:\users\atlas\desktop\vsproj\simplerenderer\simplerenderer\simplerenderer\debug\simplerenderer.res
c:\users\atlas\desktop\vsproj\simplerenderer\simplerenderer\simplerenderer\debug\simplerenderer.obj.enc
c:\users\atlas\desktop\vsproj\simplerenderer\simplerenderer\simplerenderer\debug\simplerenderer.tlog\cl.command.1.tlog
c:\users\atlas\desktop\vsproj\simplerenderer\simplerenderer\simplerenderer\debug\simplerenderer.tlog\cl.read.1.tlog
c:\users\atlas\desktop\vsproj\simplerenderer\simplerenderer\simplerenderer\debug\simplerenderer.tlog\cl.write.1.tlog
c:\users\atlas\desktop\vsproj\simplerenderer\simplerenderer\simplerenderer\debug\simplerenderer.tlog\link.command.1.tlog
c:\users\atlas\desktop\vsproj\simplerenderer\simplerenderer\simplerenderer\debug\simplerenderer.tlog\link.read.1.tlog
c:\users\atlas\desktop\vsproj\simplerenderer\simplerenderer\simplerenderer\debug\simplerenderer.tlog\link.write.1.tlog
c:\users\atlas\desktop\vsproj\simplerenderer\simplerenderer\simplerenderer\debug\simplerenderer.tlog\rc.command.1.tlog
c:\users\atlas\desktop\vsproj\simplerenderer\simplerenderer\simplerenderer\debug\simplerenderer.tlog\rc.read.1.tlog
c:\users\atlas\desktop\vsproj\simplerenderer\simplerenderer\simplerenderer\debug\simplerenderer.tlog\rc.write.1.tlog
